<?xml version="1.0" encoding="UTF-8"?>
<!-- Generated by org.testng.reporters.JUnitReportReporter -->
<testsuite skipped="0" hostname="MLPT003" name="practise.AppiumFramework.EcommerceTest4" tests="1" failures="0" timestamp="2020-02-12T11:26:02 IST" time="91.295" errors="0">
  <testcase name="totalValidation" time="91.295" classname="practise.AppiumFramework.EcommerceTest4"/>
</testsuite> <!-- practise.AppiumFramework.EcommerceTest4 -->
