<?xml version="1.0" encoding="UTF-8"?>
<!-- Generated by org.testng.reporters.JUnitReportReporter -->
<testsuite skipped="0" hostname="MLPT003" name="practise.AppiumFramework.ApiDemoTest" tests="2" failures="0" timestamp="2020-02-12T11:26:02 IST" time="82.259" errors="0">
  <testcase name="apiDemo" time="39.349" classname="practise.AppiumFramework.ApiDemoTest"/>
  <testcase name="apiDemo" time="42.910" classname="practise.AppiumFramework.ApiDemoTest"/>
</testsuite> <!-- practise.AppiumFramework.ApiDemoTest -->
