<?xml version="1.0" encoding="UTF-8"?>
<!-- Generated by org.testng.reporters.JUnitReportReporter -->
<testsuite skipped="0" hostname="MLPT003" name="practise.AppiumFramework.EcommerceTest4withOptimization" tests="1" failures="0" timestamp="2020-02-04T18:14:43 IST" time="74.836" errors="0">
  <testcase name="totalValidation" time="74.836" classname="practise.AppiumFramework.EcommerceTest4withOptimization"/>
  <system-out/>
</testsuite> <!-- practise.AppiumFramework.EcommerceTest4withOptimization -->
