<?xml version="1.0" encoding="UTF-8"?>
<!-- Generated by org.testng.reporters.JUnitReportReporter -->
<testsuite skipped="0" hostname="MLPT003" name="practise.AppiumFramework.EcommerceTest4" tests="1" failures="0" timestamp="2020-02-14T15:22:04 IST" time="98.512" errors="0">
  <testcase name="totalValidation" time="98.512" classname="practise.AppiumFramework.EcommerceTest4"/>
  <system-out/>
</testsuite> <!-- practise.AppiumFramework.EcommerceTest4 -->
