<?xml version="1.0" encoding="UTF-8"?>
<!-- Generated by org.testng.reporters.JUnitReportReporter -->
<testsuite skipped="0" hostname="MLPT003" name="practise.AppiumFramework.ApiDemoTest" tests="2" failures="0" timestamp="2020-02-14T15:22:04 IST" time="98.504" errors="0">
  <testcase name="apiDemo" time="50.602" classname="practise.AppiumFramework.ApiDemoTest"/>
  <system-out/>
  <testcase name="apiDemo" time="47.902" classname="practise.AppiumFramework.ApiDemoTest"/>
  <system-out/>
</testsuite> <!-- practise.AppiumFramework.ApiDemoTest -->
